CD to .. 
/home/mattox/repos/cs225/fa16-exam5-grading/submissions/zzhan145
###############################
##                           ##
##     Grading question      ##
##                           ##
###############################
Grader dir is /home/mattox/repos/cs225/fa16-exam5-grading/code-grading/scripts
qid is first-02
variant is
test_dir is /home/mattox/repos/cs225/fa16-exam5-grading/code-grading/scripts/tests/first-02/
fullTmpDir = /home/mattox/repos/cs225/fa16-exam5-grading/submissions/zzhan145/grade-.nja
:: Compiling...
g++ -std=c++0x -c -g -O0 -Wall -Wextra -Wno-unused-function solution_first.cpp
solution_first.cpp: In function ‘int sequenceLength(std::__cxx11::string, std::__cxx11::string, std::set<std::__cxx11::basic_string<char> >&)’:
solution_first.cpp:38:45: warning: unused parameter ‘endWord’ [-Wunused-parameter]
 int sequenceLength(string beginWord, string endWord, set<string>& wordList) {
                                             ^~~~~~~
solution_first.cpp:38:67: warning: unused parameter ‘wordList’ [-Wunused-parameter]
 int sequenceLength(string beginWord, string endWord, set<string>& wordList) {
                                                                   ^~~~~~~~
:: Compiled successfully!
:: Compiling provided code...

:: Compiling test_one.
make -s first EXTRA_OBJS=test_one.o
:: Running test_one.
You got 5
Status is 'FAILED'
:: Failed test_one.

:: Compiling test_two.
make -s first EXTRA_OBJS=test_two.o
:: Running test_two.
You got 5
Status is 'FAILED'
:: Failed test_two.

:: Compiling test_three.
make -s first EXTRA_OBJS=test_three.o
:: Running test_three.
You got 5
Status is 'FAILED'
:: Failed test_three.

:: Compiling test_four.
make -s first EXTRA_OBJS=test_four.o
:: Running test_four.
You got 5
Status is 'FAILED'
:: Failed test_four.

:: Compiling test_five.
make -s first EXTRA_OBJS=test_five.o
:: Running test_five.
You got 5
Status is 'PASSED'
:: Passed test_five.

:: Compiling test_off_by_one.
make -s first EXTRA_OBJS=test_off_by_one.o
:: Running test_off_by_one.
You got 5
Status is 'PASSED'
:: Passed test_off_by_one.

Failed tests:
- test_one
- test_two
- test_three
- test_four

Grade for question : 42.85/100


~ ~ ~

Grade: 42.85

Details:
test,grade
_compiled,1
_test_one,0
_test_two,0
_test_three,0
_test_four,0
_test_five,1
_test_off_by_one,1
